<?xml version="1.0" encoding="utf-8"?><testsuites name="pytest tests"><testsuite name="pytest" errors="0" failures="1" skipped="0" tests="12" time="6.616" timestamp="2026-04-21T15:32:59.824155+00:00" hostname="agent-env-3ad8de6a-fc5a-4cad-a574-b9d84b9e7c87"><testcase classname="backend.tests.test_auth_api.TestRoot" name="test_root" time="0.305" /><testcase classname="backend.tests.test_auth_api.TestNonce" name="test_nonce_returns_random_hex" time="0.299" /><testcase classname="backend.tests.test_auth_api.TestEmailAuth" name="test_register_login_me_logout_refresh" time="0.654" /><testcase classname="backend.tests.test_auth_api.TestEmailAuth" name="test_me_unauth" time="0.127" /><testcase classname="backend.tests.test_auth_api.TestEmailAuth" name="test_duplicate_email_returns_409" time="0.389" /><testcase classname="backend.tests.test_auth_api.TestEmailAuth" name="test_login_admin_seeded" time="0.359" /><testcase classname="backend.tests.test_auth_api.TestEmailAuth" name="test_wrong_password_returns_401" time="0.843" /><testcase classname="backend.tests.test_auth_api.TestEmailAuth" name="test_refresh_without_token_401" time="0.113" /><testcase classname="backend.tests.test_auth_api.TestGoogleAuth" name="test_google_invalid_session_returns_401" time="0.326" /><testcase classname="backend.tests.test_auth_api.TestFarcasterAuth" name="test_farcaster_invalid_signature_returns_401" time="0.265" /><testcase classname="backend.tests.test_auth_api.TestFarcasterAuth" name="test_farcaster_link_requires_auth" time="0.231" /><testcase classname="backend.tests.test_auth_api.TestBruteForce" name="test_lockout_after_5_attempts" time="2.480"><failure message="assert 401 == 429&#10; +  where 401 = &lt;Response [401]&gt;.status_code">backend/tests/test_auth_api.py:167: in test_lockout_after_5_attempts
    assert r.status_code == 429
E   assert 401 == 429
E    +  where 401 = &lt;Response [401]&gt;.status_code</failure></testcase></testsuite></testsuites>